2025-04-15 16:36:27,968 - INFO - Executing: sudo apt purge -y gnome-logs gnome-characters gnome-user-docs gnome-user-share gnome-remote-desktop simple-scan cups gnome-software flatpak
2025-04-15 16:36:32,826 - ERROR - Command failed: sudo apt purge -y gnome-logs gnome-characters gnome-user-docs gnome-user-share gnome-remote-desktop simple-scan cups gnome-software flatpak - Command '['sudo', 'apt', 'purge', '-y', 'gnome-logs', 'gnome-characters', 'gnome-user-docs', 'gnome-user-share', 'gnome-remote-desktop', 'simple-scan', 'cups', 'gnome-software', 'flatpak']' returned non-zero exit status 1.
2025-04-15 16:42:11,668 - INFO - Executing: sudo dnf remove -y aisleriot five-or-more four-in-a-row gnome-2048 gnome-chess gnome-klotski gnome-mahjongg gnome-mines gnome-nibbles gnome-robots gnome-sudoku gnome-taquin gnome-tetravex hitori iagno lightsoff quadrapassel swell-foop tali gnome-logs gnome-sound-recorder gnome-characters gnome-user-docs gnome-user-share gnome-remote-desktop firefox-esr simple-scan cheese transmission-gtk cups cups-daemon avahi-daemon gnome-software update-notifier snapd flatpak xfburn xsane exfalso quodlibet xfce4-terminal
2025-04-15 16:42:36,588 - INFO - Executing: sudo dnf autoremove -y
2025-04-15 16:42:37,545 - INFO - Executing: sudo dnf clean all
2025-04-15 16:42:37,647 - INFO - Executing: sudo dnf update -y
2025-04-15 16:45:30,177 - INFO - Executing: sudo dnf autoremove -y
2025-04-15 16:45:31,995 - INFO - Executing: sudo dnf clean all
2025-04-15 16:45:32,102 - INFO - Executing: sudo dnf install -y vlc
2025-04-15 16:46:04,024 - INFO - Executing: sudo dnf install -y libreoffice
2025-04-15 16:46:25,360 - INFO - Executing: sudo dnf install -y git
2025-04-15 16:46:26,411 - INFO - Executing: sudo dnf install -y gparted
2025-04-15 16:46:29,580 - INFO - Executing: sudo dnf install -y neofetch
2025-04-15 16:46:30,757 - ERROR - Command failed: sudo dnf install -y neofetch - Command '['sudo', 'dnf', 'install', '-y', 'neofetch']' returned non-zero exit status 1.
2025-04-15 16:49:31,318 - INFO - Executing: sudo dnf update -y
2025-04-15 16:49:32,608 - INFO - Executing: sudo dnf autoremove -y
2025-04-15 16:49:33,590 - INFO - Executing: sudo dnf clean all
2025-04-15 16:49:33,693 - INFO - Executing: sudo dnf install -y vlc
2025-04-15 16:49:44,350 - INFO - Executing: sudo dnf install -y libreoffice
2025-04-15 16:49:45,295 - INFO - Executing: sudo dnf install -y git
2025-04-15 16:49:46,239 - INFO - Executing: sudo dnf install -y gparted
2025-04-15 16:49:47,214 - INFO - Executing: sudo dnf install -y neofetch
2025-04-15 16:49:48,306 - ERROR - Command failed: sudo dnf install -y neofetch - Command '['sudo', 'dnf', 'install', '-y', 'neofetch']' returned non-zero exit status 1.
2025-04-15 16:49:48,307 - WARNING - Package not available: neofetch
2025-04-15 16:49:48,307 - INFO - Executing: sudo dnf install -y curl
2025-04-15 16:49:49,256 - INFO - Executing: sudo dnf install -y gnupg2
2025-04-15 16:49:50,202 - INFO - Executing: sudo dnf install -y clamav
2025-04-15 16:51:43,231 - INFO - Executing: sudo dnf install -y bleachbit
2025-04-15 16:51:46,095 - INFO - Executing: sudo dnf install -y python3-pip
2025-04-15 16:51:48,957 - INFO - Executing: sudo dnf install -y python3-virtualenv
2025-04-15 16:51:51,718 - INFO - Executing: sudo dnf install -y sqlitebrowser
2025-04-15 16:51:55,036 - INFO - Executing: sudo dnf install -y gcc
2025-04-15 16:52:02,194 - INFO - Executing: sudo dnf install -y htop
2025-04-15 16:52:04,935 - INFO - Executing: sudo dnf install -y tilix
2025-04-15 16:52:08,059 - INFO - Executing: sudo reboot
2025-04-15 20:21:30,876 - INFO - Executing: sudo apt purge -y aisleriot five-or-more four-in-a-row gnome-2048 gnome-chess gnome-klotski gnome-mahjongg gnome-mines gnome-nibbles gnome-robots gnome-sudoku gnome-taquin gnome-tetravex hitori iagno lightsoff quadrapassel swell-foop tali gnome-logs gnome-sound-recorder gnome-characters gnome-user-docs gnome-user-share gnome-remote-desktop firefox-esr simple-scan cheese transmission-gtk cups cups-daemon avahi-daemon gnome-software update-notifier snapd flatpak xfburn xsane exfalso quodlibet xfce4-terminal
2025-04-15 20:22:03,519 - INFO - Executing: sudo apt autoremove --purge -y
2025-04-15 20:22:12,238 - INFO - Executing: sudo apt clean
2025-04-15 20:22:12,274 - INFO - Executing: sudo apt update && sudo apt full-upgrade -y
2025-04-15 20:22:12,289 - ERROR - Command failed: sudo apt update && sudo apt full-upgrade -y - Command '['sudo', 'apt', 'update', '&&', 'sudo', 'apt', 'full-upgrade', '-y']' returned non-zero exit status 100.
2025-04-15 21:00:32,708 - INFO - Executing: sudo apt update && sudo apt full-upgrade -y
2025-04-15 21:00:32,724 - ERROR - Command failed: sudo apt update && sudo apt full-upgrade -y - Command '['sudo', 'apt', 'update', '&&', 'sudo', 'apt', 'full-upgrade', '-y']' returned non-zero exit status 100.
2025-04-15 21:05:30,383 - INFO - Executing: sudo apt update && sudo apt full-upgrade -y
2025-04-15 21:05:33,687 - INFO - Executing: sudo apt autoremove --purge -y
2025-04-15 21:05:34,336 - INFO - Executing: sudo apt clean
2025-04-15 21:05:34,399 - INFO - Executing: sudo apt install -y vlc
2025-04-15 21:05:50,833 - INFO - Executing: sudo apt install -y libreoffice
2025-04-15 21:06:40,236 - INFO - Executing: sudo apt install -y git
2025-04-15 21:06:44,258 - INFO - Executing: sudo apt install -y gparted
2025-04-15 21:06:48,216 - INFO - Executing: sudo apt install -y neofetch
2025-04-15 21:06:57,358 - INFO - Executing: sudo apt install -y curl
2025-04-15 21:06:58,023 - INFO - Executing: sudo apt install -y gnupg
2025-04-15 21:06:58,702 - INFO - Executing: sudo apt install -y clamav
2025-04-15 21:07:03,612 - INFO - Executing: sudo apt install -y bleachbit
2025-04-15 21:07:06,399 - INFO - Executing: sudo apt install -y python3-pip
2025-04-15 21:07:21,000 - INFO - Executing: sudo apt install -y python3-venv
2025-04-15 21:07:23,327 - INFO - Executing: sudo apt install -y sqlitebrowser
2025-04-15 21:07:26,735 - INFO - Executing: sudo apt install -y build-essential
2025-04-15 21:07:27,374 - INFO - Executing: sudo apt install -y htop
2025-04-15 21:07:30,459 - INFO - Executing: sudo apt install -y tilix
2025-04-15 21:07:34,896 - INFO - Executing: sudo reboot
2025-04-20 14:40:21,715 - INFO - 🛠️  Shemba's Post Installer (GNOME Auto Mode)
2025-04-20 14:40:21,717 - INFO - 
🧹 Scanning for GNOME bloat...
2025-04-20 14:40:22,586 - INFO - ✅ No GNOME bloat detected.
